<?xml version="1.0" encoding="UTF-8"?>
<!-- Generated by org.testng.reporters.JUnitReportReporter -->
<testsuite hostname="DESKTOP-V773E8K" failures="0" tests="1" name="Parameters.PathParameters" time="3.523" errors="0" timestamp="2023-04-08T15:07:31 IST" skipped="0">
  <testcase classname="Parameters.PathParameters" name="pathParameter" time="3.523"/>
  <system-out/>
</testsuite> <!-- Parameters.PathParameters -->
