<?xml version="1.0" encoding="UTF-8"?>
<!-- Generated by org.testng.reporters.JUnitReportReporter -->
<testsuite hostname="DESKTOP-V773E8K" failures="0" tests="3" name="requestchanning.PostGetPutDelete" time="5.112" errors="0" timestamp="2023-04-11T15:13:32 IST" skipped="0">
  <testcase classname="requestchanning.PostGetPutDelete" name="postRequest" time="4.841"/>
  <system-out/>
  <testcase classname="requestchanning.PostGetPutDelete" name="Get" time="0.146"/>
  <system-out/>
  <testcase classname="requestchanning.PostGetPutDelete" name="putRequest" time="0.125"/>
  <system-out/>
</testsuite> <!-- requestchanning.PostGetPutDelete -->
