<?xml version="1.0" encoding="UTF-8"?>
<!-- Generated by org.testng.reporters.JUnitReportReporter -->
<testsuite hostname="DESKTOP-V773E8K" failures="0" tests="1" name="CrudOperationWithBdd.PostUsingJsonFile" time="3.601" errors="0" timestamp="2023-04-08T12:06:44 IST" skipped="0">
  <testcase classname="CrudOperationWithBdd.PostUsingJsonFile" name="jsonFile" time="3.601"/>
  <system-out/>
</testsuite> <!-- CrudOperationWithBdd.PostUsingJsonFile -->
