<?xml version="1.0" encoding="UTF-8"?>
<!-- Generated by org.testng.reporters.JUnitReportReporter -->
<testsuite hostname="DESKTOP-V773E8K" failures="0" tests="1" name="Searializationdeserialization.Deserialization1" time="0.487" errors="0" timestamp="2023-04-12T13:32:55 IST" skipped="0">
  <testcase classname="Searializationdeserialization.Deserialization1" name="serialization" time="0.487"/>
  <system-out/>
</testsuite> <!-- Searializationdeserialization.Deserialization1 -->
