<?xml version="1.0" encoding="UTF-8"?>
<!-- Generated by org.testng.reporters.JUnitReportReporter -->
<testsuite hostname="DESKTOP-V773E8K" failures="0" tests="1" name="CrudOperationWithBdd.PutUpdate" time="0.336" errors="0" timestamp="2023-04-08T11:14:00 IST" skipped="0">
  <testcase classname="CrudOperationWithBdd.PutUpdate" name="putUpdate" time="0.336"/>
  <system-out/>
</testsuite> <!-- CrudOperationWithBdd.PutUpdate -->
