<?xml version="1.0" encoding="UTF-8"?>
<!-- Generated by org.testng.reporters.JUnitReportReporter -->
<testsuite hostname="DESKTOP-V773E8K" failures="0" tests="1" name="StaticResponseValidation" time="4.223" errors="0" timestamp="2023-04-08T15:24:49 IST" skipped="0">
  <testcase classname="StaticResponseValidation" name="staticResponseValidation" time="4.223"/>
  <system-out/>
</testsuite> <!-- StaticResponseValidation -->
