<?xml version="1.0" encoding="UTF-8"?>
<!-- Generated by org.testng.reporters.JUnitReportReporter -->
<testsuite hostname="DESKTOP-V773E8K" failures="0" tests="1" name="ResponseBodyValidation" time="3.177" errors="0" timestamp="2023-04-10T10:53:55 IST" skipped="0">
  <testcase classname="ResponseBodyValidation" name="responseBodyValidation" time="3.177"/>
  <system-out/>
</testsuite> <!-- ResponseBodyValidation -->
