<?xml version="1.0" encoding="UTF-8"?>
<!-- Generated by org.testng.reporters.JUnitReportReporter -->
<testsuite hostname="DESKTOP-V773E8K" failures="0" tests="1" name="crudoperationwithoutbbd.PutUpdateProject" time="0.181" errors="0" timestamp="2023-04-11T12:16:39 IST" skipped="0">
  <testcase classname="crudoperationwithoutbbd.PutUpdateProject" name="update" time="0.181"/>
  <system-out/>
</testsuite> <!-- crudoperationwithoutbbd.PutUpdateProject -->
