<?xml version="1.0" encoding="UTF-8"?>
<!-- Generated by org.testng.reporters.JUnitReportReporter -->
<testsuite hostname="DESKTOP-V773E8K" failures="0" tests="1" name="Searializationdeserialization.StudentSerialization" time="0.476" errors="0" timestamp="2023-04-12T14:37:50 IST" skipped="0">
  <testcase classname="Searializationdeserialization.StudentSerialization" name="serialization" time="0.476"/>
  <system-out/>
</testsuite> <!-- Searializationdeserialization.StudentSerialization -->
