<?xml version="1.0" encoding="UTF-8"?>
<!-- Generated by org.testng.reporters.JUnitReportReporter -->
<testsuite hostname="DESKTOP-V773E8K" failures="0" tests="1" name="Searializationdeserialization.Deserialization" time="0.539" errors="0" timestamp="2023-04-12T12:32:43 IST" skipped="0">
  <testcase classname="Searializationdeserialization.Deserialization" name="deserialtion" time="0.539"/>
  <system-out/>
</testsuite> <!-- Searializationdeserialization.Deserialization -->
