<?xml version="1.0" encoding="UTF-8"?>
<!-- Generated by org.testng.reporters.JUnitReportReporter -->
<testsuite hostname="DESKTOP-V773E8K" failures="0" tests="1" name="CrudOperationWithBdd.DeleteProject" time="0.097" errors="0" timestamp="2023-04-08T11:14:00 IST" skipped="0">
  <testcase classname="CrudOperationWithBdd.DeleteProject" name="DeleteProject" time="0.097"/>
  <system-out/>
</testsuite> <!-- CrudOperationWithBdd.DeleteProject -->
