<?xml version="1.0" encoding="UTF-8"?>
<!-- Generated by org.testng.reporters.JUnitReportReporter -->
<testsuite hostname="DESKTOP-V773E8K" failures="0" tests="1" name="requestchanning.DeleteProject" time="0.095" errors="0" timestamp="2023-04-11T13:08:43 IST" skipped="0">
  <testcase classname="requestchanning.DeleteProject" name="deleteProject" time="0.095"/>
  <system-out/>
</testsuite> <!-- requestchanning.DeleteProject -->
