<?xml version="1.0" encoding="UTF-8"?>
<!-- Generated by org.testng.reporters.JUnitReportReporter -->
<testsuite hostname="DESKTOP-V773E8K" failures="0" tests="1" name="ShopperStack.PostMethod" time="4.274" errors="0" timestamp="2023-04-19T17:38:21 IST" skipped="0">
  <testcase classname="ShopperStack.PostMethod" name="get" time="4.274"/>
  <system-out/>
</testsuite> <!-- ShopperStack.PostMethod -->
