<?xml version="1.0" encoding="UTF-8"?>
<!-- Generated by org.testng.reporters.JUnitReportReporter -->
<testsuite hostname="DESKTOP-V773E8K" failures="0" tests="1" name="Searializationdeserialization.Serialization" time="0.524" errors="0" timestamp="2023-04-12T11:37:58 IST" skipped="0">
  <testcase classname="Searializationdeserialization.Serialization" name="Serialization" time="0.524"/>
  <system-out/>
</testsuite> <!-- Searializationdeserialization.Serialization -->
