<?xml version="1.0" encoding="UTF-8"?>
<!-- Generated by org.testng.reporters.JUnitReportReporter -->
<testsuite hostname="DESKTOP-V773E8K" failures="0" tests="1" name="Searializationdeserialization.StudentDserialization" time="0.529" errors="0" timestamp="2023-04-12T14:51:10 IST" skipped="0">
  <testcase classname="Searializationdeserialization.StudentDserialization" name="deserialization" time="0.529"/>
  <system-out/>
</testsuite> <!-- Searializationdeserialization.StudentDserialization -->
