<?xml version="1.0" encoding="UTF-8"?>
<!-- Generated by org.testng.reporters.JUnitReportReporter -->
<testsuite hostname="DESKTOP-V773E8K" failures="0" tests="5" name="MultipleData" time="4.235" errors="0" timestamp="2023-04-10T15:40:46 IST" skipped="0">
  <testcase classname="MultipleData" name="multipleData" time="3.785"/>
  <system-out/>
  <testcase classname="MultipleData" name="multipleData" time="0.104"/>
  <system-out/>
  <testcase classname="MultipleData" name="multipleData" time="0.145"/>
  <system-out/>
  <testcase classname="MultipleData" name="multipleData" time="0.103"/>
  <system-out/>
  <testcase classname="MultipleData" name="multipleData" time="0.098"/>
  <system-out/>
</testsuite> <!-- MultipleData -->
