<?xml version="1.0" encoding="UTF-8"?>
<!-- Generated by org.testng.reporters.JUnitReportReporter -->
<testsuite hostname="DESKTOP-V773E8K" failures="0" tests="1" name="Searializationdeserialization.Serialization1" time="0.539" errors="0" timestamp="2023-04-12T13:41:52 IST" skipped="0">
  <testcase classname="Searializationdeserialization.Serialization1" name="ArraySerialization2" time="0.539"/>
  <system-out/>
</testsuite> <!-- Searializationdeserialization.Serialization1 -->
