<?xml version="1.0" encoding="UTF-8"?>
<!-- Generated by org.testng.reporters.JUnitReportReporter -->
<testsuite hostname="DESKTOP-V773E8K" failures="0" tests="1" name="HeaderValidation" time="2.901" errors="0" timestamp="2023-04-10T11:24:11 IST" skipped="0">
  <testcase classname="HeaderValidation" name="headerValidation" time="2.901"/>
  <system-out/>
</testsuite> <!-- HeaderValidation -->
