<?xml version="1.0" encoding="UTF-8"?>
<!-- Generated by org.testng.reporters.JUnitReportReporter -->
<testsuite hostname="DESKTOP-V773E8K" failures="0" tests="1" name="PetStore.PetStoreUploadImage" time="5.186" errors="0" timestamp="2023-04-11T11:03:13 IST" skipped="0">
  <testcase classname="PetStore.PetStoreUploadImage" name="petstoreImageUpload" time="5.186"/>
  <system-out/>
</testsuite> <!-- PetStore.PetStoreUploadImage -->
