<?xml version="1.0" encoding="UTF-8"?>
<!-- Generated by org.testng.reporters.JUnitReportReporter -->
<testsuite hostname="DESKTOP-V773E8K" failures="0" tests="1" name="crudoperationwithoutbbd.GetSingleproject" time="0.045" errors="0" timestamp="2023-04-11T12:16:39 IST" skipped="0">
  <testcase classname="crudoperationwithoutbbd.GetSingleproject" name="getSingleProject" time="0.045"/>
  <system-out/>
</testsuite> <!-- crudoperationwithoutbbd.GetSingleproject -->
