<?xml version="1.0" encoding="UTF-8"?>
<!-- Generated by org.testng.reporters.JUnitReportReporter -->
<testsuite hostname="DESKTOP-V773E8K" failures="0" tests="5" name="Practice" time="3.923" errors="0" timestamp="2023-04-10T17:41:18 IST" skipped="0">
  <testcase classname="Practice" name="setData" time="0.045"/>
  <system-out/>
  <testcase classname="Practice" name="setData" time="0.058"/>
  <system-out/>
  <testcase classname="Practice" name="setData" time="3.660"/>
  <system-out/>
  <testcase classname="Practice" name="setData" time="0.095"/>
  <system-out/>
  <testcase classname="Practice" name="setData" time="0.065"/>
  <system-out/>
</testsuite> <!-- Practice -->
