<?xml version="1.0" encoding="UTF-8"?>
<!-- Generated by org.testng.reporters.JUnitReportReporter -->
<testsuite hostname="DESKTOP-V773E8K" failures="0" tests="1" name="requestchanning.PostRequest" time="4.946" errors="0" timestamp="2023-04-11T13:08:43 IST" skipped="0">
  <testcase classname="requestchanning.PostRequest" name="postReq" time="4.946"/>
  <system-out/>
</testsuite> <!-- requestchanning.PostRequest -->
