<?xml version="1.0" encoding="UTF-8"?>
<!-- Generated by org.testng.reporters.JUnitReportReporter -->
<testsuite hostname="DESKTOP-V773E8K" failures="0" tests="1" name="DynamicresponseValidation" time="4.318" errors="0" timestamp="2023-04-08T14:47:19 IST" skipped="0">
  <testcase classname="DynamicresponseValidation" name="dynamicResponce" time="4.318"/>
  <system-out/>
</testsuite> <!-- DynamicresponseValidation -->
