<?xml version="1.0" encoding="UTF-8"?>
<!-- Generated by org.testng.reporters.JUnitReportReporter -->
<testsuite hostname="DESKTOP-V773E8K" failures="0" tests="1" name="requestchanning.GetSingleproject" time="0.172" errors="0" timestamp="2023-04-11T12:49:07 IST" skipped="0">
  <testcase classname="requestchanning.GetSingleproject" name="getSingleProject" time="0.172"/>
  <system-out/>
</testsuite> <!-- requestchanning.GetSingleproject -->
