<?xml version="1.0" encoding="UTF-8"?>
<!-- Generated by org.testng.reporters.JUnitReportReporter -->
<testsuite hostname="DESKTOP-V773E8K" failures="0" tests="1" name="ShopperStack.CreateMerchantId" time="4.834" errors="0" timestamp="2023-04-19T13:29:02 IST" skipped="0">
  <testcase classname="ShopperStack.CreateMerchantId" name="merchent" time="4.834"/>
  <system-out/>
</testsuite> <!-- ShopperStack.CreateMerchantId -->
