<?xml version="1.0" encoding="UTF-8"?>
<!-- Generated by org.testng.reporters.JUnitReportReporter -->
<testsuite hostname="DESKTOP-V773E8K" failures="0" tests="1" name="ShopperStack.CreateId" time="7.196" errors="0" timestamp="2023-04-19T13:07:42 IST" skipped="0">
  <testcase classname="ShopperStack.CreateId" name="CreateId" time="7.196"/>
  <system-out/>
</testsuite> <!-- ShopperStack.CreateId -->
