<?xml version="1.0" encoding="UTF-8"?>
<!-- Generated by org.testng.reporters.JUnitReportReporter -->
<testsuite hostname="DESKTOP-V773E8K" failures="0" tests="2" name="PostUsingDataProvider" time="4.851" errors="0" timestamp="2023-04-10T12:54:26 IST" skipped="0">
  <testcase classname="PostUsingDataProvider" name="PostUsingDataProvider" time="4.769"/>
  <system-out/>
  <testcase classname="PostUsingDataProvider" name="PostUsingDataProvider" time="0.082"/>
  <system-out/>
</testsuite> <!-- PostUsingDataProvider -->
