<?xml version="1.0" encoding="UTF-8"?>
<!-- Generated by org.testng.reporters.JUnitReportReporter -->
<testsuite hostname="DESKTOP-V773E8K" failures="0" tests="1" name="CrudOperationWithBdd.StaticResponseValidation" time="4.474" errors="0" timestamp="2023-04-08T14:17:11 IST" skipped="0">
  <testcase classname="CrudOperationWithBdd.StaticResponseValidation" name="staticResponseValidation" time="4.474"/>
  <system-out/>
</testsuite> <!-- CrudOperationWithBdd.StaticResponseValidation -->
