<?xml version="1.0" encoding="UTF-8"?>
<!-- Generated by org.testng.reporters.JUnitReportReporter -->
<testsuite hostname="DESKTOP-V773E8K" failures="0" tests="1" name="CrudOperationWithBdd.PostUsingHashMap" time="3.969" errors="0" timestamp="2023-04-08T11:37:59 IST" skipped="0">
  <testcase classname="CrudOperationWithBdd.PostUsingHashMap" name="postUsingHash" time="3.969"/>
  <system-out/>
</testsuite> <!-- CrudOperationWithBdd.PostUsingHashMap -->
